2018-10-29 01:40:09 ERROR TestDriver:352 - Missing expected output ("Afghanistan","AFG","Gross graduation ratio, primary, female (%)","SE.PRM.CMPL.FE.ZS","","","","","","","","","","","","","","","","","","","","","","","","","","","","","","","","","","","","","","","","","","","","","","","","","45.02818","46.33514","","39.55557","41.65403","47.07411","49.00927","","",", 1) at position 0.
2018-10-29 01:40:09 ERROR TestDriver:352 - Received unexpected output ("Afghanistan","AFG","Gross graduation ratio, primary, female (%)","SE.PRM.CMPL.FE.ZS","","","","","","","","","","","","","","","","","","","","","","","","","","","","","","","","","","","","","","","","","","","","","","","","","45.02818","46.33514","","39.55557","41.65403","47.07411","49.00927","","",", 0) at position 0.
2018-10-29 02:11:46 ERROR TestDriver:352 - Missing expected output (Global Increase, 0.8208766666666669) at position 0.
2018-10-29 02:11:46 ERROR TestDriver:352 - Received unexpected output (Global Increase,, 0.8208766666666669) at position 0.
2018-10-29 02:11:46 ERROR TestDriver:352 - Missing expected output (Global Increase, 0.8208766666666669) at position 0.
2018-10-29 02:11:46 ERROR TestDriver:352 - Received unexpected output (Global Increase,, 0.8208766666666669) at position 0.
2018-10-29 02:12:43 ERROR TestDriver:352 - Missing expected output (Global Increase, 0.8208766666666669) at position 0.
2018-10-29 02:12:43 ERROR TestDriver:352 - Received unexpected output (Global Increase,, 0.8208766666666669) at position 0.
2018-10-29 02:12:44 ERROR TestDriver:352 - Missing expected output (Global Increase, 0.8208766666666669) at position 0.
2018-10-29 02:12:44 ERROR TestDriver:352 - Received unexpected output (Global Increase,, 0.8208766666666669) at position 0.
2018-10-29 02:24:40 ERROR TestDriver:352 - Missing expected output ("Afghanistan","AFG","Employment to population ratio, 15+, male (%) (modeled ILO estimate)","SL.EMP.TOTL.SP.FE.ZS","","","","","","","","","","","","","","","","","","","","","","","","","","","","","","","","16.0520000457764","15.9750003814697","15.7880001068115","15.6540002822876","15.6859998703003","15.3699998855591","15.1820001602173","15.0469999313354","14.9689998626709","14.7880001068115","14.960000038147","15.3400001525879","13.7880001068115","14.0319995880127","14.289999961853","14.1940002441406","14.1420001983643","14.1619997024536","14.2810001373291","14.5129995346069","14.9200000762939","15.4130001068115","15.9630002975464","16.6259994506836","16.7220001220703","16.8190002441406",, 0) at position 0.
2018-10-29 02:24:40 ERROR TestDriver:352 - Missing expected output (Afghanistan,, 2.0310001373291) at position 0.
2018-10-29 02:37:45 ERROR TestDriver:352 - Missing expected output (Afghanistan,female bias,difference,, 1.0) at position 0.
2018-10-29 02:37:45 ERROR TestDriver:352 - Received unexpected output (Afghanistan,male bias,difference,, 7.0) at position 0.
2018-10-29 02:37:45 ERROR TestDriver:352 - Missing expected output ("Afghanistan","AFG","Time required to start up a business, male (days)","IC.REG.DURS.MA","","","","","","","","","","","","","","","","","","","","","","","","","","","","","","","","","","","","","","","","","","","","","9","9","9","9","9","7","7","7","7","5","7","7","7",, 1) at position 1.
2018-10-29 02:37:45 ERROR TestDriver:352 - Missing expected output ("Afghanistan","AFG","Time required to start up a business, female (days)","IC.REG.DURS.FE","","","","","","","","","","","","","","","","","","","","","","","","","","","","","","","","","","","","","","","","","","","","","10","10","10","10","10","8","8","8","8","6","8","8","8",, 0) at position 0.
2018-10-29 02:37:45 ERROR TestDriver:352 - Received unexpected output ("Afghanistan","AFG","Time required to start up a business, male (days)","IC.REG.DURS.MA","","","","","","","","","","","","","","","","","","","","","","","","","","","","","","","","","","","","","","","","","","","","","9","9","9","9","9","7","7","7","7","5","7","7","7",, 0) at position 0.
2018-10-29 02:40:33 ERROR TestDriver:352 - Missing expected output (Afghanistan,female bias,difference,, 1.0) at position 0.
2018-10-29 02:40:33 ERROR TestDriver:352 - Received unexpected output (Afghanistan,male bias,difference,, 7.0) at position 0.
2018-10-29 02:40:34 ERROR TestDriver:352 - Missing expected output ("Afghanistan","AFG","Time required to start up a business, male (days)","IC.REG.DURS.MA","","","","","","","","","","","","","","","","","","","","","","","","","","","","","","","","","","","","","","","","","","","","","9","9","9","9","9","7","7","7","7","5","7","7","7",, 1) at position 1.
2018-10-29 02:40:34 ERROR TestDriver:352 - Missing expected output ("Afghanistan","AFG","Time required to start up a business, female (days)","IC.REG.DURS.FE","","","","","","","","","","","","","","","","","","","","","","","","","","","","","","","","","","","","","","","","","","","","","10","10","10","10","10","8","8","8","8","6","8","8","8",, 0) at position 0.
2018-10-29 02:40:34 ERROR TestDriver:352 - Received unexpected output ("Afghanistan","AFG","Time required to start up a business, male (days)","IC.REG.DURS.MA","","","","","","","","","","","","","","","","","","","","","","","","","","","","","","","","","","","","","","","","","","","","","9","9","9","9","9","7","7","7","7","5","7","7","7",, 0) at position 0.
2018-10-29 02:41:22 ERROR TestDriver:352 - Missing expected output (Afghanistan,female bias,difference,, 1.0) at position 0.
2018-10-29 02:41:22 ERROR TestDriver:352 - Received unexpected output (Afghanistan,male bias,difference,, 7.0) at position 0.
2018-10-29 02:41:22 ERROR TestDriver:352 - Missing expected output ("Afghanistan","AFG","Time required to start up a business, male (days)","IC.REG.DURS.MA","","","","","","","","","","","","","","","","","","","","","","","","","","","","","","","","","","","","","","","","","","","","","9","9","9","9","9","7","7","7","7","5","7","7","7",, 1) at position 1.
2018-10-29 02:41:22 ERROR TestDriver:352 - Missing expected output ("Afghanistan","AFG","Time required to start up a business, female (days)","IC.REG.DURS.FE","","","","","","","","","","","","","","","","","","","","","","","","","","","","","","","","","","","","","","","","","","","","","10","10","10","10","10","8","8","8","8","6","8","8","8",, 0) at position 0.
2018-10-29 02:41:22 ERROR TestDriver:352 - Received unexpected output ("Afghanistan","AFG","Time required to start up a business, male (days)","IC.REG.DURS.MA","","","","","","","","","","","","","","","","","","","","","","","","","","","","","","","","","","","","","","","","","","","","","9","9","9","9","9","7","7","7","7","5","7","7","7",, 0) at position 0.
2018-10-29 02:41:37 ERROR TestDriver:352 - Missing expected output (Afghanistan,female bias,difference,, 1.0) at position 0.
2018-10-29 02:41:37 ERROR TestDriver:352 - Received unexpected output (Afghanistan,male bias,difference,, 7.0) at position 0.
2018-10-29 02:41:37 ERROR TestDriver:352 - Missing expected output ("Afghanistan","AFG","Time required to start up a business, male (days)","IC.REG.DURS.MA","","","","","","","","","","","","","","","","","","","","","","","","","","","","","","","","","","","","","","","","","","","","","9","9","9","9","9","7","7","7","7","5","7","7","7",, 1) at position 1.
2018-10-29 02:41:37 ERROR TestDriver:352 - Missing expected output ("Afghanistan","AFG","Time required to start up a business, female (days)","IC.REG.DURS.FE","","","","","","","","","","","","","","","","","","","","","","","","","","","","","","","","","","","","","","","","","","","","","10","10","10","10","10","8","8","8","8","6","8","8","8",, 0) at position 0.
2018-10-29 02:41:37 ERROR TestDriver:352 - Received unexpected output ("Afghanistan","AFG","Time required to start up a business, male (days)","IC.REG.DURS.MA","","","","","","","","","","","","","","","","","","","","","","","","","","","","","","","","","","","","","","","","","","","","","9","9","9","9","9","7","7","7","7","5","7","7","7",, 0) at position 0.
2018-10-29 02:41:46 ERROR TestDriver:352 - Missing expected output (Afghanistan,female bias,difference,, 1.0) at position 0.
2018-10-29 02:41:46 ERROR TestDriver:352 - Received unexpected output (Afghanistan,male bias,difference,, 7.0) at position 0.
2018-10-29 02:41:46 ERROR TestDriver:352 - Missing expected output ("Afghanistan","AFG","Time required to start up a business, male (days)","IC.REG.DURS.MA","","","","","","","","","","","","","","","","","","","","","","","","","","","","","","","","","","","","","","","","","","","","","9","9","9","9","9","7","7","7","7","5","7","7","7",, 1) at position 1.
2018-10-29 02:41:46 ERROR TestDriver:352 - Missing expected output ("Afghanistan","AFG","Time required to start up a business, female (days)","IC.REG.DURS.FE","","","","","","","","","","","","","","","","","","","","","","","","","","","","","","","","","","","","","","","","","","","","","10","10","10","10","10","8","8","8","8","6","8","8","8",, 0) at position 0.
2018-10-29 02:41:46 ERROR TestDriver:352 - Received unexpected output ("Afghanistan","AFG","Time required to start up a business, male (days)","IC.REG.DURS.MA","","","","","","","","","","","","","","","","","","","","","","","","","","","","","","","","","","","","","","","","","","","","","9","9","9","9","9","7","7","7","7","5","7","7","7",, 0) at position 0.
2018-10-29 02:49:22 ERROR TestDriver:352 - Missing expected output ("Afghanistan","AFG","Time required to start up a business, male (days)","IC.REG.DURS.MA","","","","","","","","","","","","","","","","","","","","","","","","","","","","","","","","","","","","","","","","","","","","","9","9","9","9","9","7","7","7","7","5","7","7","7",, 1) at position 1.
2018-10-29 02:49:22 ERROR TestDriver:352 - Missing expected output ("Afghanistan","AFG","Time required to start up a business, female (days)","IC.REG.DURS.FE","","","","","","","","","","","","","","","","","","","","","","","","","","","","","","","","","","","","","","","","","","","","","10","10","10","10","10","8","8","8","8","6","8","8","8",, 0) at position 0.
2018-10-29 02:49:22 ERROR TestDriver:352 - Received unexpected output ("Afghanistan","AFG","Time required to start up a business, male (days)","IC.REG.DURS.MA","","","","","","","","","","","","","","","","","","","","","","","","","","","","","","","","","","","","","","","","","","","","","9","9","9","9","9","7","7","7","7","5","7","7","7",, 0) at position 0.
2018-10-29 02:49:55 ERROR TestDriver:352 - Missing expected output (Afghanistan,female bias,difference,, 1.0) at position 0.
2018-10-29 02:49:55 ERROR TestDriver:352 - Received unexpected output (Afghanistan,male bias,difference,, 7.0) at position 0.
2018-10-29 02:49:56 ERROR TestDriver:352 - Missing expected output ("Afghanistan","AFG","Time required to start up a business, male (days)","IC.REG.DURS.MA","","","","","","","","","","","","","","","","","","","","","","","","","","","","","","","","","","","","","","","","","","","","","9","9","9","9","9","7","7","7","7","5","7","7","7",, 1) at position 1.
2018-10-29 02:49:56 ERROR TestDriver:352 - Missing expected output ("Afghanistan","AFG","Time required to start up a business, female (days)","IC.REG.DURS.FE","","","","","","","","","","","","","","","","","","","","","","","","","","","","","","","","","","","","","","","","","","","","","10","10","10","10","10","8","8","8","8","6","8","8","8",, 0) at position 0.
2018-10-29 02:49:56 ERROR TestDriver:352 - Received unexpected output ("Afghanistan","AFG","Time required to start up a business, male (days)","IC.REG.DURS.MA","","","","","","","","","","","","","","","","","","","","","","","","","","","","","","","","","","","","","","","","","","","","","9","9","9","9","9","7","7","7","7","5","7","7","7",, 0) at position 0.
2018-10-29 02:51:10 ERROR TestDriver:352 - Missing expected output (Afghanistan,female bias,difference,, 1.0) at position 0.
2018-10-29 02:51:10 ERROR TestDriver:352 - Received unexpected output (Afghanistan,male bias,difference,, 7.0) at position 0.
2018-10-29 02:51:10 ERROR TestDriver:352 - Missing expected output ("Afghanistan","AFG","Time required to start up a business, male (days)","IC.REG.DURS.MA","","","","","","","","","","","","","","","","","","","","","","","","","","","","","","","","","","","","","","","","","","","","","9","9","9","9","9","7","7","7","7","5","7","7","7",, 1) at position 1.
2018-10-29 02:51:10 ERROR TestDriver:352 - Missing expected output ("Afghanistan","AFG","Time required to start up a business, female (days)","IC.REG.DURS.FE","","","","","","","","","","","","","","","","","","","","","","","","","","","","","","","","","","","","","","","","","","","","","10","10","10","10","10","8","8","8","8","6","8","8","8",, 0) at position 0.
2018-10-29 02:51:10 ERROR TestDriver:352 - Received unexpected output ("Afghanistan","AFG","Time required to start up a business, male (days)","IC.REG.DURS.MA","","","","","","","","","","","","","","","","","","","","","","","","","","","","","","","","","","","","","","","","","","","","","9","9","9","9","9","7","7","7","7","5","7","7","7",, 0) at position 0.
2018-10-29 02:52:18 ERROR TestDriver:352 - Missing expected output (Afghanistan,female bias,difference,, 1.0) at position 0.
2018-10-29 02:52:18 ERROR TestDriver:352 - Received unexpected output (Afghanistan,male bias,difference,, 7.0) at position 0.
2018-10-29 02:52:18 ERROR TestDriver:352 - Missing expected output ("Afghanistan","AFG","Time required to start up a business, male (days)","IC.REG.DURS.MA","","","","","","","","","","","","","","","","","","","","","","","","","","","","","","","","","","","","","","","","","","","","","9","9","9","9","9","7","7","7","7","5","7","7","7",, 1) at position 0.
2018-10-29 02:52:18 ERROR TestDriver:352 - Received unexpected output ("Afghanistan","AFG","Time required to start up a business, male (days)","IC.REG.DURS.MA","","","","","","","","","","","","","","","","","","","","","","","","","","","","","","","","","","","","","","","","","","","","","9","9","9","9","9","7","7","7","7","5","7","7","7",, 0) at position 0.
2018-10-29 02:52:39 ERROR TestDriver:352 - Missing expected output (Afghanistan,female bias,difference,, 1.0) at position 0.
2018-10-29 02:52:39 ERROR TestDriver:352 - Received unexpected output (Afghanistan,male bias,difference,, 7.0) at position 0.
2018-10-29 02:53:25 ERROR TestDriver:352 - Missing expected output (Afghanistan,female bias,difference,, 1.0) at position 0.
2018-10-29 02:53:25 ERROR TestDriver:352 - Received unexpected output (Afghanistan,male bias,difference,, 7.0) at position 0.
2018-10-29 02:53:25 ERROR TestDriver:352 - Missing expected output (Afghanistan,male bias,difference,, 7.0) at position 0.
2018-10-29 02:53:25 ERROR TestDriver:352 - Received unexpected output (Afghanistan,female bias,difference,, 1.0) at position 0.
